WARNING - 2025-01-11 02:31:45 --> [DEPRECATED] Creation of dynamic property App\Controllers\Home::$ModelUser is deprecated in APPPATH\Controllers\Home.php on line 10.
 1 SYSTEMPATH\CodeIgniter.php(906): App\Controllers\Home->__construct()
 2 SYSTEMPATH\CodeIgniter.php(490): CodeIgniter\CodeIgniter->createController()
 3 SYSTEMPATH\CodeIgniter.php(368): CodeIgniter\CodeIgniter->handleRequest(null, Object(Config\Cache), false)
 4 FCPATH\index.php(67): CodeIgniter\CodeIgniter->run()
INFO - 2025-01-11 02:31:45 --> Session: Class initialized using 'CodeIgniter\Session\Handlers\FileHandler' driver.
WARNING - 2025-01-11 02:34:26 --> [DEPRECATED] Creation of dynamic property App\Controllers\Home::$ModelUser is deprecated in APPPATH\Controllers\Home.php on line 10.
 1 SYSTEMPATH\CodeIgniter.php(906): App\Controllers\Home->__construct()
 2 SYSTEMPATH\CodeIgniter.php(490): CodeIgniter\CodeIgniter->createController()
 3 SYSTEMPATH\CodeIgniter.php(368): CodeIgniter\CodeIgniter->handleRequest(null, Object(Config\Cache), false)
 4 FCPATH\index.php(67): CodeIgniter\CodeIgniter->run()
INFO - 2025-01-11 02:34:26 --> Session: Class initialized using 'CodeIgniter\Session\Handlers\FileHandler' driver.
INFO - 2025-01-11 02:34:26 --> Session: Class initialized using 'CodeIgniter\Session\Handlers\FileHandler' driver.
INFO - 2025-01-11 02:34:42 --> Session: Class initialized using 'CodeIgniter\Session\Handlers\FileHandler' driver.
INFO - 2025-01-11 02:34:45 --> Session: Class initialized using 'CodeIgniter\Session\Handlers\FileHandler' driver.
INFO - 2025-01-11 03:23:52 --> Session: Class initialized using 'CodeIgniter\Session\Handlers\FileHandler' driver.
INFO - 2025-01-11 03:23:55 --> Session: Class initialized using 'CodeIgniter\Session\Handlers\FileHandler' driver.
WARNING - 2025-01-11 03:23:55 --> [DEPRECATED] Creation of dynamic property App\Controllers\User::$ModelUser is deprecated in APPPATH\Controllers\User.php on line 11.
 1 SYSTEMPATH\CodeIgniter.php(906): App\Controllers\User->__construct()
 2 SYSTEMPATH\CodeIgniter.php(490): CodeIgniter\CodeIgniter->createController()
 3 SYSTEMPATH\CodeIgniter.php(368): CodeIgniter\CodeIgniter->handleRequest(null, Object(Config\Cache), false)
 4 FCPATH\index.php(67): CodeIgniter\CodeIgniter->run()
INFO - 2025-01-11 03:24:18 --> Session: Class initialized using 'CodeIgniter\Session\Handlers\FileHandler' driver.
WARNING - 2025-01-11 03:24:18 --> [DEPRECATED] Creation of dynamic property App\Controllers\User::$ModelUser is deprecated in APPPATH\Controllers\User.php on line 11.
 1 SYSTEMPATH\CodeIgniter.php(906): App\Controllers\User->__construct()
 2 SYSTEMPATH\CodeIgniter.php(490): CodeIgniter\CodeIgniter->createController()
 3 SYSTEMPATH\CodeIgniter.php(368): CodeIgniter\CodeIgniter->handleRequest(null, Object(Config\Cache), false)
 4 FCPATH\index.php(67): CodeIgniter\CodeIgniter->run()
INFO - 2025-01-11 03:24:18 --> Session: Class initialized using 'CodeIgniter\Session\Handlers\FileHandler' driver.
WARNING - 2025-01-11 03:24:19 --> [DEPRECATED] Creation of dynamic property App\Controllers\User::$ModelUser is deprecated in APPPATH\Controllers\User.php on line 11.
 1 SYSTEMPATH\CodeIgniter.php(906): App\Controllers\User->__construct()
 2 SYSTEMPATH\CodeIgniter.php(490): CodeIgniter\CodeIgniter->createController()
 3 SYSTEMPATH\CodeIgniter.php(368): CodeIgniter\CodeIgniter->handleRequest(null, Object(Config\Cache), false)
 4 FCPATH\index.php(67): CodeIgniter\CodeIgniter->run()
INFO - 2025-01-11 03:45:05 --> Session: Class initialized using 'CodeIgniter\Session\Handlers\FileHandler' driver.
WARNING - 2025-01-11 03:45:05 --> [DEPRECATED] Creation of dynamic property App\Controllers\User::$ModelUser is deprecated in APPPATH\Controllers\User.php on line 11.
 1 SYSTEMPATH\CodeIgniter.php(906): App\Controllers\User->__construct()
 2 SYSTEMPATH\CodeIgniter.php(490): CodeIgniter\CodeIgniter->createController()
 3 SYSTEMPATH\CodeIgniter.php(368): CodeIgniter\CodeIgniter->handleRequest(null, Object(Config\Cache), false)
 4 FCPATH\index.php(67): CodeIgniter\CodeIgniter->run()
INFO - 2025-01-11 03:45:08 --> Session: Class initialized using 'CodeIgniter\Session\Handlers\FileHandler' driver.
WARNING - 2025-01-11 03:45:08 --> [DEPRECATED] Creation of dynamic property App\Controllers\Supplier::$ModelSupplier is deprecated in APPPATH\Controllers\Supplier.php on line 11.
 1 SYSTEMPATH\CodeIgniter.php(906): App\Controllers\Supplier->__construct()
 2 SYSTEMPATH\CodeIgniter.php(490): CodeIgniter\CodeIgniter->createController()
 3 SYSTEMPATH\CodeIgniter.php(368): CodeIgniter\CodeIgniter->handleRequest(null, Object(Config\Cache), false)
 4 FCPATH\index.php(67): CodeIgniter\CodeIgniter->run()
INFO - 2025-01-11 03:47:47 --> Session: Class initialized using 'CodeIgniter\Session\Handlers\FileHandler' driver.
WARNING - 2025-01-11 03:47:47 --> [DEPRECATED] Creation of dynamic property App\Controllers\Supplier::$ModelSupplier is deprecated in APPPATH\Controllers\Supplier.php on line 11.
 1 SYSTEMPATH\CodeIgniter.php(906): App\Controllers\Supplier->__construct()
 2 SYSTEMPATH\CodeIgniter.php(490): CodeIgniter\CodeIgniter->createController()
 3 SYSTEMPATH\CodeIgniter.php(368): CodeIgniter\CodeIgniter->handleRequest(null, Object(Config\Cache), false)
 4 FCPATH\index.php(67): CodeIgniter\CodeIgniter->run()
INFO - 2025-01-11 03:48:19 --> Session: Class initialized using 'CodeIgniter\Session\Handlers\FileHandler' driver.
WARNING - 2025-01-11 03:48:19 --> [DEPRECATED] Creation of dynamic property App\Controllers\Supplier::$ModelSupplier is deprecated in APPPATH\Controllers\Supplier.php on line 11.
 1 SYSTEMPATH\CodeIgniter.php(906): App\Controllers\Supplier->__construct()
 2 SYSTEMPATH\CodeIgniter.php(490): CodeIgniter\CodeIgniter->createController()
 3 SYSTEMPATH\CodeIgniter.php(368): CodeIgniter\CodeIgniter->handleRequest(null, Object(Config\Cache), false)
 4 FCPATH\index.php(67): CodeIgniter\CodeIgniter->run()
INFO - 2025-01-11 03:49:36 --> Session: Class initialized using 'CodeIgniter\Session\Handlers\FileHandler' driver.
WARNING - 2025-01-11 03:49:36 --> [DEPRECATED] Creation of dynamic property App\Controllers\Supplier::$ModelSupplier is deprecated in APPPATH\Controllers\Supplier.php on line 11.
 1 SYSTEMPATH\CodeIgniter.php(906): App\Controllers\Supplier->__construct()
 2 SYSTEMPATH\CodeIgniter.php(490): CodeIgniter\CodeIgniter->createController()
 3 SYSTEMPATH\CodeIgniter.php(368): CodeIgniter\CodeIgniter->handleRequest(null, Object(Config\Cache), false)
 4 FCPATH\index.php(67): CodeIgniter\CodeIgniter->run()
INFO - 2025-01-11 03:49:41 --> Session: Class initialized using 'CodeIgniter\Session\Handlers\FileHandler' driver.
WARNING - 2025-01-11 03:49:41 --> [DEPRECATED] Creation of dynamic property App\Controllers\Supplier::$ModelSupplier is deprecated in APPPATH\Controllers\Supplier.php on line 11.
 1 SYSTEMPATH\CodeIgniter.php(906): App\Controllers\Supplier->__construct()
 2 SYSTEMPATH\CodeIgniter.php(490): CodeIgniter\CodeIgniter->createController()
 3 SYSTEMPATH\CodeIgniter.php(368): CodeIgniter\CodeIgniter->handleRequest(null, Object(Config\Cache), false)
 4 FCPATH\index.php(67): CodeIgniter\CodeIgniter->run()
INFO - 2025-01-11 03:52:33 --> Session: Class initialized using 'CodeIgniter\Session\Handlers\FileHandler' driver.
WARNING - 2025-01-11 03:52:33 --> [DEPRECATED] Creation of dynamic property App\Controllers\Supplier::$ModelSupplier is deprecated in APPPATH\Controllers\Supplier.php on line 11.
 1 SYSTEMPATH\CodeIgniter.php(906): App\Controllers\Supplier->__construct()
 2 SYSTEMPATH\CodeIgniter.php(490): CodeIgniter\CodeIgniter->createController()
 3 SYSTEMPATH\CodeIgniter.php(368): CodeIgniter\CodeIgniter->handleRequest(null, Object(Config\Cache), false)
 4 FCPATH\index.php(67): CodeIgniter\CodeIgniter->run()
INFO - 2025-01-11 03:52:34 --> Session: Class initialized using 'CodeIgniter\Session\Handlers\FileHandler' driver.
WARNING - 2025-01-11 03:52:34 --> [DEPRECATED] Creation of dynamic property App\Controllers\Supplier::$ModelSupplier is deprecated in APPPATH\Controllers\Supplier.php on line 11.
 1 SYSTEMPATH\CodeIgniter.php(906): App\Controllers\Supplier->__construct()
 2 SYSTEMPATH\CodeIgniter.php(490): CodeIgniter\CodeIgniter->createController()
 3 SYSTEMPATH\CodeIgniter.php(368): CodeIgniter\CodeIgniter->handleRequest(null, Object(Config\Cache), false)
 4 FCPATH\index.php(67): CodeIgniter\CodeIgniter->run()
CRITICAL - 2025-01-11 03:52:34 --> Undefined array key "alamat"
in APPPATH\Views\admin\v_supplier.php on line 195.
 1 APPPATH\Views\admin\v_supplier.php(195): CodeIgniter\Debug\Exceptions->errorHandler(2, 'Undefined array key "alamat"', 'APPPATH\\Views\\admin\\v_supplier.php', 195)
 2 SYSTEMPATH\View\View.php(213): include('APPPATH\\Views\\admin\\v_supplier.php')
 3 SYSTEMPATH\View\View.php(216): CodeIgniter\View\View->CodeIgniter\View\{closure}()
 4 SYSTEMPATH\Common.php(1184): CodeIgniter\View\View->render('admin/v_supplier', [], true)
 5 APPPATH\Views\v_template.php(226): view('admin/v_supplier')
 6 SYSTEMPATH\View\View.php(213): include('APPPATH\\Views\\v_template.php')
 7 SYSTEMPATH\View\View.php(216): CodeIgniter\View\View->CodeIgniter\View\{closure}()
 8 SYSTEMPATH\Common.php(1184): CodeIgniter\View\View->render('v_template', [], true)
 9 APPPATH\Controllers\Supplier.php(25): view('v_template', [...])
10 SYSTEMPATH\CodeIgniter.php(934): App\Controllers\Supplier->index()
11 SYSTEMPATH\CodeIgniter.php(499): CodeIgniter\CodeIgniter->runController(Object(App\Controllers\Supplier))
12 SYSTEMPATH\CodeIgniter.php(368): CodeIgniter\CodeIgniter->handleRequest(null, Object(Config\Cache), false)
13 FCPATH\index.php(67): CodeIgniter\CodeIgniter->run()
INFO - 2025-01-11 03:53:50 --> Session: Class initialized using 'CodeIgniter\Session\Handlers\FileHandler' driver.
WARNING - 2025-01-11 03:53:50 --> [DEPRECATED] Creation of dynamic property App\Controllers\Supplier::$ModelSupplier is deprecated in APPPATH\Controllers\Supplier.php on line 11.
 1 SYSTEMPATH\CodeIgniter.php(906): App\Controllers\Supplier->__construct()
 2 SYSTEMPATH\CodeIgniter.php(490): CodeIgniter\CodeIgniter->createController()
 3 SYSTEMPATH\CodeIgniter.php(368): CodeIgniter\CodeIgniter->handleRequest(null, Object(Config\Cache), false)
 4 FCPATH\index.php(67): CodeIgniter\CodeIgniter->run()
CRITICAL - 2025-01-11 03:53:50 --> Undefined array key "alamat"
in APPPATH\Views\admin\v_supplier.php on line 195.
 1 APPPATH\Views\admin\v_supplier.php(195): CodeIgniter\Debug\Exceptions->errorHandler(2, 'Undefined array key "alamat"', 'APPPATH\\Views\\admin\\v_supplier.php', 195)
 2 SYSTEMPATH\View\View.php(213): include('APPPATH\\Views\\admin\\v_supplier.php')
 3 SYSTEMPATH\View\View.php(216): CodeIgniter\View\View->CodeIgniter\View\{closure}()
 4 SYSTEMPATH\Common.php(1184): CodeIgniter\View\View->render('admin/v_supplier', [], true)
 5 APPPATH\Views\v_template.php(226): view('admin/v_supplier')
 6 SYSTEMPATH\View\View.php(213): include('APPPATH\\Views\\v_template.php')
 7 SYSTEMPATH\View\View.php(216): CodeIgniter\View\View->CodeIgniter\View\{closure}()
 8 SYSTEMPATH\Common.php(1184): CodeIgniter\View\View->render('v_template', [], true)
 9 APPPATH\Controllers\Supplier.php(25): view('v_template', [...])
10 SYSTEMPATH\CodeIgniter.php(934): App\Controllers\Supplier->index()
11 SYSTEMPATH\CodeIgniter.php(499): CodeIgniter\CodeIgniter->runController(Object(App\Controllers\Supplier))
12 SYSTEMPATH\CodeIgniter.php(368): CodeIgniter\CodeIgniter->handleRequest(null, Object(Config\Cache), false)
13 FCPATH\index.php(67): CodeIgniter\CodeIgniter->run()
INFO - 2025-01-11 03:53:54 --> Session: Class initialized using 'CodeIgniter\Session\Handlers\FileHandler' driver.
WARNING - 2025-01-11 03:53:54 --> [DEPRECATED] Creation of dynamic property App\Controllers\Supplier::$ModelSupplier is deprecated in APPPATH\Controllers\Supplier.php on line 11.
 1 SYSTEMPATH\CodeIgniter.php(906): App\Controllers\Supplier->__construct()
 2 SYSTEMPATH\CodeIgniter.php(490): CodeIgniter\CodeIgniter->createController()
 3 SYSTEMPATH\CodeIgniter.php(368): CodeIgniter\CodeIgniter->handleRequest(null, Object(Config\Cache), false)
 4 FCPATH\index.php(67): CodeIgniter\CodeIgniter->run()
CRITICAL - 2025-01-11 03:53:54 --> Undefined array key "alamat"
in APPPATH\Views\admin\v_supplier.php on line 195.
 1 APPPATH\Views\admin\v_supplier.php(195): CodeIgniter\Debug\Exceptions->errorHandler(2, 'Undefined array key "alamat"', 'APPPATH\\Views\\admin\\v_supplier.php', 195)
 2 SYSTEMPATH\View\View.php(213): include('APPPATH\\Views\\admin\\v_supplier.php')
 3 SYSTEMPATH\View\View.php(216): CodeIgniter\View\View->CodeIgniter\View\{closure}()
 4 SYSTEMPATH\Common.php(1184): CodeIgniter\View\View->render('admin/v_supplier', [], true)
 5 APPPATH\Views\v_template.php(226): view('admin/v_supplier')
 6 SYSTEMPATH\View\View.php(213): include('APPPATH\\Views\\v_template.php')
 7 SYSTEMPATH\View\View.php(216): CodeIgniter\View\View->CodeIgniter\View\{closure}()
 8 SYSTEMPATH\Common.php(1184): CodeIgniter\View\View->render('v_template', [], true)
 9 APPPATH\Controllers\Supplier.php(25): view('v_template', [...])
10 SYSTEMPATH\CodeIgniter.php(934): App\Controllers\Supplier->index()
11 SYSTEMPATH\CodeIgniter.php(499): CodeIgniter\CodeIgniter->runController(Object(App\Controllers\Supplier))
12 SYSTEMPATH\CodeIgniter.php(368): CodeIgniter\CodeIgniter->handleRequest(null, Object(Config\Cache), false)
13 FCPATH\index.php(67): CodeIgniter\CodeIgniter->run()
INFO - 2025-01-11 03:54:18 --> Session: Class initialized using 'CodeIgniter\Session\Handlers\FileHandler' driver.
WARNING - 2025-01-11 03:54:18 --> [DEPRECATED] Creation of dynamic property App\Controllers\Supplier::$ModelSupplier is deprecated in APPPATH\Controllers\Supplier.php on line 11.
 1 SYSTEMPATH\CodeIgniter.php(906): App\Controllers\Supplier->__construct()
 2 SYSTEMPATH\CodeIgniter.php(490): CodeIgniter\CodeIgniter->createController()
 3 SYSTEMPATH\CodeIgniter.php(368): CodeIgniter\CodeIgniter->handleRequest(null, Object(Config\Cache), false)
 4 FCPATH\index.php(67): CodeIgniter\CodeIgniter->run()
INFO - 2025-01-11 03:54:51 --> Session: Class initialized using 'CodeIgniter\Session\Handlers\FileHandler' driver.
WARNING - 2025-01-11 03:54:51 --> [DEPRECATED] Creation of dynamic property App\Controllers\User::$ModelUser is deprecated in APPPATH\Controllers\User.php on line 11.
 1 SYSTEMPATH\CodeIgniter.php(906): App\Controllers\User->__construct()
 2 SYSTEMPATH\CodeIgniter.php(490): CodeIgniter\CodeIgniter->createController()
 3 SYSTEMPATH\CodeIgniter.php(368): CodeIgniter\CodeIgniter->handleRequest(null, Object(Config\Cache), false)
 4 FCPATH\index.php(67): CodeIgniter\CodeIgniter->run()
INFO - 2025-01-11 03:55:12 --> Session: Class initialized using 'CodeIgniter\Session\Handlers\FileHandler' driver.
WARNING - 2025-01-11 03:55:12 --> [DEPRECATED] Creation of dynamic property App\Controllers\Supplier::$ModelSupplier is deprecated in APPPATH\Controllers\Supplier.php on line 11.
 1 SYSTEMPATH\CodeIgniter.php(906): App\Controllers\Supplier->__construct()
 2 SYSTEMPATH\CodeIgniter.php(490): CodeIgniter\CodeIgniter->createController()
 3 SYSTEMPATH\CodeIgniter.php(368): CodeIgniter\CodeIgniter->handleRequest(null, Object(Config\Cache), false)
 4 FCPATH\index.php(67): CodeIgniter\CodeIgniter->run()
INFO - 2025-01-11 03:56:05 --> Session: Class initialized using 'CodeIgniter\Session\Handlers\FileHandler' driver.
WARNING - 2025-01-11 03:56:05 --> [DEPRECATED] Creation of dynamic property App\Controllers\Supplier::$ModelSupplier is deprecated in APPPATH\Controllers\Supplier.php on line 11.
 1 SYSTEMPATH\CodeIgniter.php(906): App\Controllers\Supplier->__construct()
 2 SYSTEMPATH\CodeIgniter.php(490): CodeIgniter\CodeIgniter->createController()
 3 SYSTEMPATH\CodeIgniter.php(368): CodeIgniter\CodeIgniter->handleRequest(null, Object(Config\Cache), false)
 4 FCPATH\index.php(67): CodeIgniter\CodeIgniter->run()
INFO - 2025-01-11 03:56:06 --> Session: Class initialized using 'CodeIgniter\Session\Handlers\FileHandler' driver.
WARNING - 2025-01-11 03:56:06 --> [DEPRECATED] Creation of dynamic property App\Controllers\Supplier::$ModelSupplier is deprecated in APPPATH\Controllers\Supplier.php on line 11.
 1 SYSTEMPATH\CodeIgniter.php(906): App\Controllers\Supplier->__construct()
 2 SYSTEMPATH\CodeIgniter.php(490): CodeIgniter\CodeIgniter->createController()
 3 SYSTEMPATH\CodeIgniter.php(368): CodeIgniter\CodeIgniter->handleRequest(null, Object(Config\Cache), false)
 4 FCPATH\index.php(67): CodeIgniter\CodeIgniter->run()
INFO - 2025-01-11 03:56:40 --> Session: Class initialized using 'CodeIgniter\Session\Handlers\FileHandler' driver.
WARNING - 2025-01-11 03:56:40 --> [DEPRECATED] Creation of dynamic property App\Controllers\Supplier::$ModelSupplier is deprecated in APPPATH\Controllers\Supplier.php on line 11.
 1 SYSTEMPATH\CodeIgniter.php(906): App\Controllers\Supplier->__construct()
 2 SYSTEMPATH\CodeIgniter.php(490): CodeIgniter\CodeIgniter->createController()
 3 SYSTEMPATH\CodeIgniter.php(368): CodeIgniter\CodeIgniter->handleRequest(null, Object(Config\Cache), false)
 4 FCPATH\index.php(67): CodeIgniter\CodeIgniter->run()
INFO - 2025-01-11 03:56:40 --> Session: Class initialized using 'CodeIgniter\Session\Handlers\FileHandler' driver.
WARNING - 2025-01-11 03:56:40 --> [DEPRECATED] Creation of dynamic property App\Controllers\Supplier::$ModelSupplier is deprecated in APPPATH\Controllers\Supplier.php on line 11.
 1 SYSTEMPATH\CodeIgniter.php(906): App\Controllers\Supplier->__construct()
 2 SYSTEMPATH\CodeIgniter.php(490): CodeIgniter\CodeIgniter->createController()
 3 SYSTEMPATH\CodeIgniter.php(368): CodeIgniter\CodeIgniter->handleRequest(null, Object(Config\Cache), false)
 4 FCPATH\index.php(67): CodeIgniter\CodeIgniter->run()
INFO - 2025-01-11 03:56:48 --> Session: Class initialized using 'CodeIgniter\Session\Handlers\FileHandler' driver.
WARNING - 2025-01-11 03:56:48 --> [DEPRECATED] Creation of dynamic property App\Controllers\Supplier::$ModelSupplier is deprecated in APPPATH\Controllers\Supplier.php on line 11.
 1 SYSTEMPATH\CodeIgniter.php(906): App\Controllers\Supplier->__construct()
 2 SYSTEMPATH\CodeIgniter.php(490): CodeIgniter\CodeIgniter->createController()
 3 SYSTEMPATH\CodeIgniter.php(368): CodeIgniter\CodeIgniter->handleRequest(null, Object(Config\Cache), false)
 4 FCPATH\index.php(67): CodeIgniter\CodeIgniter->run()
INFO - 2025-01-11 03:56:48 --> Session: Class initialized using 'CodeIgniter\Session\Handlers\FileHandler' driver.
WARNING - 2025-01-11 03:56:48 --> [DEPRECATED] Creation of dynamic property App\Controllers\Supplier::$ModelSupplier is deprecated in APPPATH\Controllers\Supplier.php on line 11.
 1 SYSTEMPATH\CodeIgniter.php(906): App\Controllers\Supplier->__construct()
 2 SYSTEMPATH\CodeIgniter.php(490): CodeIgniter\CodeIgniter->createController()
 3 SYSTEMPATH\CodeIgniter.php(368): CodeIgniter\CodeIgniter->handleRequest(null, Object(Config\Cache), false)
 4 FCPATH\index.php(67): CodeIgniter\CodeIgniter->run()
INFO - 2025-01-11 03:58:46 --> Session: Class initialized using 'CodeIgniter\Session\Handlers\FileHandler' driver.
WARNING - 2025-01-11 03:58:46 --> [DEPRECATED] Creation of dynamic property App\Controllers\Supplier::$ModelSupplier is deprecated in APPPATH\Controllers\Supplier.php on line 11.
 1 SYSTEMPATH\CodeIgniter.php(906): App\Controllers\Supplier->__construct()
 2 SYSTEMPATH\CodeIgniter.php(490): CodeIgniter\CodeIgniter->createController()
 3 SYSTEMPATH\CodeIgniter.php(368): CodeIgniter\CodeIgniter->handleRequest(null, Object(Config\Cache), false)
 4 FCPATH\index.php(67): CodeIgniter\CodeIgniter->run()
INFO - 2025-01-11 03:59:02 --> Session: Class initialized using 'CodeIgniter\Session\Handlers\FileHandler' driver.
WARNING - 2025-01-11 03:59:02 --> [DEPRECATED] Creation of dynamic property App\Controllers\Supplier::$ModelSupplier is deprecated in APPPATH\Controllers\Supplier.php on line 11.
 1 SYSTEMPATH\CodeIgniter.php(906): App\Controllers\Supplier->__construct()
 2 SYSTEMPATH\CodeIgniter.php(490): CodeIgniter\CodeIgniter->createController()
 3 SYSTEMPATH\CodeIgniter.php(368): CodeIgniter\CodeIgniter->handleRequest(null, Object(Config\Cache), false)
 4 FCPATH\index.php(67): CodeIgniter\CodeIgniter->run()
INFO - 2025-01-11 04:00:10 --> Session: Class initialized using 'CodeIgniter\Session\Handlers\FileHandler' driver.
WARNING - 2025-01-11 04:00:10 --> [DEPRECATED] Creation of dynamic property App\Controllers\Supplier::$ModelSupplier is deprecated in APPPATH\Controllers\Supplier.php on line 11.
 1 SYSTEMPATH\CodeIgniter.php(906): App\Controllers\Supplier->__construct()
 2 SYSTEMPATH\CodeIgniter.php(490): CodeIgniter\CodeIgniter->createController()
 3 SYSTEMPATH\CodeIgniter.php(368): CodeIgniter\CodeIgniter->handleRequest(null, Object(Config\Cache), false)
 4 FCPATH\index.php(67): CodeIgniter\CodeIgniter->run()
INFO - 2025-01-11 04:01:15 --> Session: Class initialized using 'CodeIgniter\Session\Handlers\FileHandler' driver.
WARNING - 2025-01-11 04:01:15 --> [DEPRECATED] Creation of dynamic property App\Controllers\Supplier::$ModelSupplier is deprecated in APPPATH\Controllers\Supplier.php on line 11.
 1 SYSTEMPATH\CodeIgniter.php(906): App\Controllers\Supplier->__construct()
 2 SYSTEMPATH\CodeIgniter.php(490): CodeIgniter\CodeIgniter->createController()
 3 SYSTEMPATH\CodeIgniter.php(368): CodeIgniter\CodeIgniter->handleRequest(null, Object(Config\Cache), false)
 4 FCPATH\index.php(67): CodeIgniter\CodeIgniter->run()
